<?xml version="1.0" encoding="UTF-8"?>
<!-- Generated by org.testng.reporters.JUnitReportReporter -->
<testsuite hostname="DESKTOP-HLOD5N6" failures="0" tests="4" name="api.test.UserTests2" time="9.307" errors="0" timestamp="2023-10-19T18:52:05 IST" skipped="0">
  <testcase classname="api.test.UserTests2" name="testPostUser" time="3.957"/>
  <system-out/>
  <testcase classname="api.test.UserTests2" name="testGetUserByName" time="1.118"/>
  <system-out/>
  <testcase classname="api.test.UserTests2" name="testUpdateUserByName" time="2.998"/>
  <system-out/>
  <testcase classname="api.test.UserTests2" name="testDeleteUserByName" time="1.234"/>
  <system-out/>
</testsuite> <!-- api.test.UserTests2 -->
