<?xml version="1.0" encoding="UTF-8"?>
<!-- Generated by org.testng.reporters.JUnitReportReporter -->
<testsuite hostname="DESKTOP-HLOD5N6" failures="0" tests="4" name="api.test.UserTests" time="8.975" errors="0" timestamp="2023-10-19T18:01:11 IST" skipped="0">
  <testcase classname="api.test.UserTests" name="testPostUser" time="4.510"/>
  <system-out/>
  <testcase classname="api.test.UserTests" name="testGetUserByName" time="1.123"/>
  <system-out/>
  <testcase classname="api.test.UserTests" name="testUpdateUserByName" time="2.227"/>
  <system-out/>
  <testcase classname="api.test.UserTests" name="testDeleteUserByName" time="1.115"/>
  <system-out/>
</testsuite> <!-- api.test.UserTests -->
