<?xml version="1.0" encoding="UTF-8"?>
<!-- Generated by org.testng.reporters.JUnitReportReporter -->
<testsuite hostname="DESKTOP-HLOD5N6" failures="0" tests="6" name="api.test.DataDriven_Tests" time="9.181" errors="0" timestamp="2023-10-19T18:00:43 IST" skipped="0">
  <testcase classname="api.test.DataDriven_Tests" name="testPostUser" time="1.096"/>
  <system-out/>
  <testcase classname="api.test.DataDriven_Tests" name="testPostUser" time="1.135"/>
  <system-out/>
  <testcase classname="api.test.DataDriven_Tests" name="testPostUser" time="3.642"/>
  <system-out/>
  <testcase classname="api.test.DataDriven_Tests" name="testDeleteUserByName" time="1.081"/>
  <system-out/>
  <testcase classname="api.test.DataDriven_Tests" name="testDeleteUserByName" time="1.164"/>
  <system-out/>
  <testcase classname="api.test.DataDriven_Tests" name="testDeleteUserByName" time="1.063"/>
  <system-out/>
</testsuite> <!-- api.test.DataDriven_Tests -->
