<?xml version="1.0" encoding="UTF-8"?>
<!-- Generated by org.testng.reporters.JUnitReportReporter -->
<testsuite hostname="DESKTOP-HLOD5N6" failures="0" tests="4" name="api.test.UserTests" time="9.082" errors="0" timestamp="2023-10-19T19:46:41 IST" skipped="0">
  <testcase classname="api.test.UserTests" name="testPostUser" time="3.421"/>
  <system-out/>
  <testcase classname="api.test.UserTests" name="testGetUserByName" time="1.440"/>
  <system-out/>
  <testcase classname="api.test.UserTests" name="testUpdateUserByName" time="2.828"/>
  <system-out/>
  <testcase classname="api.test.UserTests" name="testDeleteUserByName" time="1.393"/>
  <system-out/>
</testsuite> <!-- api.test.UserTests -->
